[debug] [2021-08-11T20:40:36.276Z] ----------------------------------------------------------------------
[debug] [2021-08-11T20:40:36.278Z] Command:       C:\Program Files (x86)\nodejs\node.exe C:\Users\Sarfraz\AppData\Roaming\npm\node_modules\firebase-tools\lib\bin\firebase.js init
[debug] [2021-08-11T20:40:36.278Z] CLI Version:   9.16.1
[debug] [2021-08-11T20:40:36.278Z] Platform:      win32
[debug] [2021-08-11T20:40:36.279Z] Node Version:  v14.17.0
[debug] [2021-08-11T20:40:36.280Z] Time:          Thu Aug 12 2021 02:10:36 GMT+0530 (India Standard Time)
[debug] [2021-08-11T20:40:36.280Z] ----------------------------------------------------------------------
[debug] 
[debug] [2021-08-11T20:40:36.288Z] > command requires scopes: ["email","openid","https://www.googleapis.com/auth/cloudplatformprojects.readonly","https://www.googleapis.com/auth/firebase","https://www.googleapis.com/auth/cloud-platform"]
[debug] [2021-08-11T20:40:36.288Z] > authorizing via signed-in user (alamsarfraz422@gmail.com)
[info] 
     ######## #### ########  ######## ########     ###     ######  ########
     ##        ##  ##     ## ##       ##     ##  ##   ##  ##       ##
     ######    ##  ########  ######   ########  #########  ######  ######
     ##        ##  ##    ##  ##       ##     ## ##     ##       ## ##
     ##       #### ##     ## ######## ########  ##     ##  ######  ########

You're about to initialize a Firebase project in this directory:

  C:\Users\Sarfraz\chatapp-react\frontend\app

[info] 
=== Project Setup
[info] 
[info] First, let's associate this project directory with a Firebase project.
[info] You can create multiple project aliases by running firebase use --add, 
[info] but for now we'll just set up a default project.
[info] 
